# Logfile created on Tue Jul 29 21:47:28 -0400 2008 by /
Jul 29 21:47:30 loki-s2 rails[10321]: [4;36;1mPermission Load (0.000879)[0m   [0;1mSELECT * FROM permissions WHERE (name = 'Projects') LIMIT 1[0m
Jul 29 21:47:30 loki-s2 rails[10321]: [4;35;1mPermission Create (0.000528)[0m   [0mINSERT INTO permissions ("name", "updated_at", "created_at") VALUES('Projects', '2008-07-29 21:47:30', '2008-07-29 21:47:30')[0m
Jul 29 21:47:30 loki-s2 rails[10321]: [4;36;1mPermission Load (0.000188)[0m   [0;1mSELECT * FROM permissions WHERE (name = 'Bugs') LIMIT 1[0m
Jul 29 21:47:30 loki-s2 rails[10321]: [4;35;1mPermission Create (0.000259)[0m   [0mINSERT INTO permissions ("name", "updated_at", "created_at") VALUES('Bugs', '2008-07-29 21:47:30', '2008-07-29 21:47:30')[0m
Jul 29 21:47:30 loki-s2 rails[10321]: [4;36;1mPermission Load (0.002899)[0m   [0;1mSELECT * FROM permissions [0m
Jul 29 21:47:30 loki-s2 rails[10321]: [4;35;1mSQL (0.000329)[0m   [0mdelete from permissions_user_groups where permission_id = 1[0m
Jul 29 21:47:30 loki-s2 rails[10321]: [4;36;1mUserGroup Load (0.000208)[0m   [0;1mSELECT * FROM user_groups INNER JOIN permissions_user_groups ON user_groups.id = permissions_user_groups.user_group_id WHERE (permissions_user_groups.permission_id = 1 ) [0m
Jul 29 21:47:30 loki-s2 rails[10321]: [4;35;1mPermission Destroy (0.000213)[0m   [0m DELETE FROM permissions WHERE "id" = 1[0m
Jul 29 21:47:30 loki-s2 rails[10321]: [4;36;1mSQL (0.000278)[0m   [0;1mdelete from permissions_user_groups where permission_id = 2[0m
Jul 29 21:47:30 loki-s2 rails[10321]: [4;35;1mUserGroup Load (0.000166)[0m   [0mSELECT * FROM user_groups INNER JOIN permissions_user_groups ON user_groups.id = permissions_user_groups.user_group_id WHERE (permissions_user_groups.permission_id = 2 ) [0m
Jul 29 21:47:30 loki-s2 rails[10321]: [4;36;1mPermission Destroy (0.000195)[0m   [0;1m DELETE FROM permissions WHERE "id" = 2[0m
Jul 29 21:47:30 loki-s2 rails[10321]: [4;35;1mSQL (0.000328)[0m   [0mdelete from permissions_user_groups where permission_id = 3[0m
Jul 29 21:47:30 loki-s2 rails[10321]: [4;36;1mUserGroup Load (0.000166)[0m   [0;1mSELECT * FROM user_groups INNER JOIN permissions_user_groups ON user_groups.id = permissions_user_groups.user_group_id WHERE (permissions_user_groups.permission_id = 3 ) [0m
Jul 29 21:47:30 loki-s2 rails[10321]: [4;35;1mPermission Destroy (0.000187)[0m   [0m DELETE FROM permissions WHERE "id" = 3[0m
Jul 29 21:47:30 loki-s2 rails[10321]: [4;36;1mSQL (0.000299)[0m   [0;1mdelete from permissions_user_groups where permission_id = 4[0m
Jul 29 21:47:30 loki-s2 rails[10321]: [4;35;1mUserGroup Load (0.000166)[0m   [0mSELECT * FROM user_groups INNER JOIN permissions_user_groups ON user_groups.id = permissions_user_groups.user_group_id WHERE (permissions_user_groups.permission_id = 4 ) [0m
Jul 29 21:47:30 loki-s2 rails[10321]: [4;36;1mPermission Destroy (0.000206)[0m   [0;1m DELETE FROM permissions WHERE "id" = 4[0m
Jul 29 21:47:30 loki-s2 rails[10321]: [4;35;1mSQL (0.000294)[0m   [0mdelete from permissions_user_groups where permission_id = 5[0m
Jul 29 21:47:30 loki-s2 rails[10321]: [4;36;1mUserGroup Load (0.000165)[0m   [0;1mSELECT * FROM user_groups INNER JOIN permissions_user_groups ON user_groups.id = permissions_user_groups.user_group_id WHERE (permissions_user_groups.permission_id = 5 ) [0m
Jul 29 21:47:30 loki-s2 rails[10321]: [4;35;1mPermission Destroy (0.000185)[0m   [0m DELETE FROM permissions WHERE "id" = 5[0m
Jul 29 21:47:30 loki-s2 rails[10321]: [4;36;1mSQL (0.000248)[0m   [0;1mselect sqlite_version(*)[0m
Jul 29 21:47:30 loki-s2 rails[10321]: [4;35;1mSQL (0.000000)[0m   [0mSQLite3::SQLException: table schema_info already exists: CREATE TABLE schema_info (version integer)[0m
Jul 29 21:47:30 loki-s2 rails[10321]: [4;36;1mSQL (0.000202)[0m   [0;1mSELECT version FROM schema_info[0m
Jul 29 21:47:30 loki-s2 rails[10321]: [4;35;1mSQL (0.000170)[0m   [0mSELECT version FROM schema_info[0m
Jul 29 21:47:30 loki-s2 rails[10321]: [4;36;1mSQL (0.000000)[0m   [0;1mSQLite3::SQLException: table schema_info already exists: CREATE TABLE schema_info (version integer)[0m
Jul 29 21:47:30 loki-s2 rails[10321]: [4;35;1mSQL (0.000295)[0m   [0mSELECT version FROM schema_info[0m
Jul 29 21:47:30 loki-s2 rails[10321]: Migrating to AddLoggedByToBugsModel (14)
Jul 29 21:47:30 loki-s2 rails[10321]: [4;36;1mSQL (0.000726)[0m   [0;1mCREATE TEMPORARY TABLE altered_bugs ("id" INTEGER PRIMARY KEY AUTOINCREMENT NOT NULL, "title" varchar(255) DEFAULT NULL, "description" text DEFAULT NULL, "severity_id" integer DEFAULT NULL, "fixed" boolean DEFAULT 'f', "date_fixed" datetime DEFAULT NULL, "project_id" integer DEFAULT NULL, "auto_submitted" boolean DEFAULT 'f', "team_assigned_to" integer DEFAULT NULL, "fixed_by" integer DEFAULT NULL, "fixed_comment" text DEFAULT NULL, "created_at" datetime DEFAULT NULL, "updated_at" datetime DEFAULT NULL, "user_id" integer DEFAULT NULL, "logged_by" integer DEFAULT NULL) [0m
Jul 29 21:47:30 loki-s2 rails[10321]: [4;35;1mSQL (0.000065)[0m   [0mPRAGMA index_list(bugs)[0m
Jul 29 21:47:30 loki-s2 rails[10321]: [4;36;1mSQL (0.000461)[0m   [0;1mDROP TABLE bugs[0m
Jul 29 21:47:30 loki-s2 rails[10321]: [4;35;1mSQL (0.000348)[0m   [0mCREATE TABLE bugs ("id" INTEGER PRIMARY KEY AUTOINCREMENT NOT NULL, "title" varchar(255) DEFAULT NULL, "description" text DEFAULT NULL, "severity_id" integer DEFAULT NULL, "fixed" boolean DEFAULT 'f', "date_fixed" datetime DEFAULT NULL, "project_id" integer DEFAULT NULL, "auto_submitted" boolean DEFAULT 'f', "team_assigned_to" integer DEFAULT NULL, "fixed_by" integer DEFAULT NULL, "fixed_comment" text DEFAULT NULL, "created_at" datetime DEFAULT NULL, "updated_at" datetime DEFAULT NULL, "user_id" integer DEFAULT NULL) [0m
Jul 29 21:47:30 loki-s2 rails[10321]: [4;36;1mSQL (0.000131)[0m   [0;1mPRAGMA index_list(altered_bugs)[0m
Jul 29 21:47:30 loki-s2 rails[10321]: [4;35;1mSQL (0.000143)[0m   [0mDROP TABLE altered_bugs[0m
Jul 29 21:47:30 loki-s2 rails[10321]: [4;36;1mSQL (0.002919)[0m   [0;1mUPDATE schema_info SET version = 13[0m
Jul 29 21:47:30 loki-s2 rails[10321]: [4;35;1mSQL (0.000262)[0m   [0mSELECT version FROM schema_info[0m
Jul 29 21:47:30 loki-s2 rails[10321]: Migrating to ChangeTheForeignKeyName (13)
Jul 29 21:47:30 loki-s2 rails[10321]: [4;36;1mSQL (0.001602)[0m   [0;1mCREATE TEMPORARY TABLE altered_bugs ("id" INTEGER PRIMARY KEY AUTOINCREMENT NOT NULL, "title" varchar(255) DEFAULT NULL, "description" text DEFAULT NULL, "severity_id" integer DEFAULT NULL, "fixed" boolean DEFAULT 'f', "date_fixed" datetime DEFAULT NULL, "project_id" integer DEFAULT NULL, "auto_submitted" boolean DEFAULT 'f', "team_assigned_to" integer DEFAULT NULL, "fixed_by" integer DEFAULT NULL, "fixed_comment" text DEFAULT NULL, "created_at" datetime DEFAULT NULL, "updated_at" datetime DEFAULT NULL, "user_id" integer DEFAULT NULL) [0m
Jul 29 21:47:30 loki-s2 rails[10321]: [4;35;1mSQL (0.000069)[0m   [0mPRAGMA index_list(bugs)[0m
Jul 29 21:47:30 loki-s2 rails[10321]: [4;36;1mSQL (0.000372)[0m   [0;1mDROP TABLE bugs[0m
Jul 29 21:47:30 loki-s2 rails[10321]: [4;35;1mSQL (0.000345)[0m   [0mCREATE TABLE bugs ("id" INTEGER PRIMARY KEY AUTOINCREMENT NOT NULL, "title" varchar(255) DEFAULT NULL, "description" text DEFAULT NULL, "severity_id" integer DEFAULT NULL, "fixed" boolean DEFAULT 'f', "date_fixed" datetime DEFAULT NULL, "project_id" integer DEFAULT NULL, "auto_submitted" boolean DEFAULT 'f', "team_assigned_to" integer DEFAULT NULL, "fixed_by" integer DEFAULT NULL, "fixed_comment" text DEFAULT NULL, "created_at" datetime DEFAULT NULL, "updated_at" datetime DEFAULT NULL) [0m
Jul 29 21:47:30 loki-s2 rails[10321]: [4;36;1mSQL (0.000067)[0m   [0;1mPRAGMA index_list(altered_bugs)[0m
Jul 29 21:47:30 loki-s2 rails[10321]: [4;35;1mSQL (0.000153)[0m   [0mDROP TABLE altered_bugs[0m
Jul 29 21:47:30 loki-s2 rails[10321]: [4;36;1mSQL (0.003102)[0m   [0;1mALTER TABLE bugs ADD "person_assigned_to" integer[0m
Jul 29 21:47:30 loki-s2 rails[10321]: [4;35;1mSQL (0.026661)[0m   [0mVACUUM[0m
Jul 29 21:47:30 loki-s2 rails[10321]: [4;36;1mSQL (0.012744)[0m   [0;1mUPDATE schema_info SET version = 12[0m
Jul 29 21:47:30 loki-s2 rails[10321]: [4;35;1mSQL (0.000277)[0m   [0mSELECT version FROM schema_info[0m
Jul 29 21:47:30 loki-s2 rails[10321]: Migrating to AddFieldsToUser (12)
Jul 29 21:47:30 loki-s2 rails[10321]: [4;36;1mSQL (0.000359)[0m   [0;1mCREATE TEMPORARY TABLE altered_users ("id" INTEGER PRIMARY KEY AUTOINCREMENT NOT NULL, "login" varchar(255) DEFAULT NULL, "crypted_password" varchar(255) DEFAULT NULL, "salt" varchar(255) DEFAULT NULL, "profile_id" integer DEFAULT NULL, "updated_by" integer DEFAULT NULL, "created_at" datetime DEFAULT NULL, "updated_at" datetime DEFAULT NULL, "name" varchar(255) DEFAULT NULL, "email" varchar(255) DEFAULT NULL) [0m
Jul 29 21:47:30 loki-s2 rails[10321]: [4;35;1mSQL (0.000066)[0m   [0mPRAGMA index_list(users)[0m
Jul 29 21:47:30 loki-s2 rails[10321]: [4;36;1mSQL (0.000291)[0m   [0;1mDROP TABLE users[0m
Jul 29 21:47:30 loki-s2 rails[10321]: [4;35;1mSQL (0.000319)[0m   [0mCREATE TABLE users ("id" INTEGER PRIMARY KEY AUTOINCREMENT NOT NULL, "login" varchar(255) DEFAULT NULL, "crypted_password" varchar(255) DEFAULT NULL, "salt" varchar(255) DEFAULT NULL, "profile_id" integer DEFAULT NULL, "updated_by" integer DEFAULT NULL, "created_at" datetime DEFAULT NULL, "updated_at" datetime DEFAULT NULL, "email" varchar(255) DEFAULT NULL) [0m
Jul 29 21:47:30 loki-s2 rails[10321]: [4;36;1mSQL (0.000114)[0m   [0;1mPRAGMA index_list(altered_users)[0m
Jul 29 21:47:30 loki-s2 rails[10321]: [4;35;1mSQL (0.000156)[0m   [0mDROP TABLE altered_users[0m
Jul 29 21:47:30 loki-s2 rails[10321]: [4;36;1mSQL (0.000355)[0m   [0;1mCREATE TEMPORARY TABLE altered_users ("id" INTEGER PRIMARY KEY AUTOINCREMENT NOT NULL, "login" varchar(255) DEFAULT NULL, "crypted_password" varchar(255) DEFAULT NULL, "salt" varchar(255) DEFAULT NULL, "profile_id" integer DEFAULT NULL, "updated_by" integer DEFAULT NULL, "created_at" datetime DEFAULT NULL, "updated_at" datetime DEFAULT NULL, "email" varchar(255) DEFAULT NULL) [0m
Jul 29 21:47:30 loki-s2 rails[10321]: [4;35;1mSQL (0.000069)[0m   [0mPRAGMA index_list(users)[0m
Jul 29 21:47:30 loki-s2 rails[10321]: [4;36;1mSQL (0.000313)[0m   [0;1mDROP TABLE users[0m
Jul 29 21:47:30 loki-s2 rails[10321]: [4;35;1mSQL (0.000274)[0m   [0mCREATE TABLE users ("id" INTEGER PRIMARY KEY AUTOINCREMENT NOT NULL, "login" varchar(255) DEFAULT NULL, "crypted_password" varchar(255) DEFAULT NULL, "salt" varchar(255) DEFAULT NULL, "profile_id" integer DEFAULT NULL, "updated_by" integer DEFAULT NULL, "created_at" datetime DEFAULT NULL, "updated_at" datetime DEFAULT NULL) [0m
Jul 29 21:47:30 loki-s2 rails[10321]: [4;36;1mSQL (0.000063)[0m   [0;1mPRAGMA index_list(altered_users)[0m
Jul 29 21:47:30 loki-s2 rails[10321]: [4;35;1mSQL (0.000142)[0m   [0mDROP TABLE altered_users[0m
Jul 29 21:47:30 loki-s2 rails[10321]: [4;36;1mSQL (0.003840)[0m   [0;1mUPDATE schema_info SET version = 11[0m
Jul 29 21:47:30 loki-s2 rails[10321]: [4;35;1mSQL (0.000287)[0m   [0mSELECT version FROM schema_info[0m
Jul 29 21:47:30 loki-s2 rails[10321]: Migrating to CreateAdminUserAndUserGroup (11)
Jul 29 21:47:30 loki-s2 rails[10321]: [4;36;1mSQL (0.003340)[0m   [0;1mUPDATE schema_info SET version = 10[0m
Jul 29 21:47:30 loki-s2 rails[10321]: [4;35;1mSQL (0.000285)[0m   [0mSELECT version FROM schema_info[0m
Jul 29 21:47:30 loki-s2 rails[10321]: Migrating to CreatePermissions (10)
Jul 29 21:47:30 loki-s2 rails[10321]: [4;36;1mSQL (0.008657)[0m   [0;1mDROP TABLE permissions_user_groups[0m
Jul 29 21:47:30 loki-s2 rails[10321]: [4;35;1mSQL (0.020927)[0m   [0mDROP TABLE permissions[0m
Jul 29 21:47:30 loki-s2 rails[10321]: [4;36;1mSQL (0.004585)[0m   [0;1mUPDATE schema_info SET version = 9[0m
Jul 29 21:47:30 loki-s2 rails[10321]: [4;35;1mSQL (0.000287)[0m   [0mSELECT version FROM schema_info[0m
Jul 29 21:47:30 loki-s2 rails[10321]: Migrating to CreateUserGroups (9)
Jul 29 21:47:30 loki-s2 rails[10321]: [4;36;1mSQL (0.004455)[0m   [0;1mDROP TABLE user_groups_users[0m
Jul 29 21:47:30 loki-s2 rails[10321]: [4;35;1mSQL (0.021052)[0m   [0mDROP TABLE user_groups[0m
Jul 29 21:47:30 loki-s2 rails[10321]: [4;36;1mSQL (0.004860)[0m   [0;1mUPDATE schema_info SET version = 8[0m
Jul 29 21:47:30 loki-s2 rails[10321]: [4;35;1mSQL (0.000283)[0m   [0mSELECT version FROM schema_info[0m
Jul 29 21:47:30 loki-s2 rails[10321]: Migrating to CreateUsers (8)
Jul 29 21:47:30 loki-s2 rails[10321]: [4;36;1mSQL (0.003101)[0m   [0;1mDROP TABLE users[0m
Jul 29 21:47:30 loki-s2 rails[10321]: [4;35;1mSQL (0.007515)[0m   [0mUPDATE schema_info SET version = 7[0m
Jul 29 21:47:30 loki-s2 rails[10321]: [4;36;1mSQL (0.000284)[0m   [0;1mSELECT version FROM schema_info[0m
Jul 29 21:47:30 loki-s2 rails[10321]: Migrating to CreateProfiles (7)
Jul 29 21:47:30 loki-s2 rails[10321]: [4;35;1mSQL (0.020268)[0m   [0mDROP TABLE profiles[0m
Jul 29 21:47:30 loki-s2 rails[10321]: [4;36;1mSQL (0.002037)[0m   [0;1mUPDATE schema_info SET version = 6[0m
Jul 29 21:47:30 loki-s2 rails[10321]: Reached target version: 6
Jul 29 21:47:30 loki-s2 rails[10321]: [4;35;1mSQL (0.000281)[0m   [0mSELECT * FROM schema_info[0m
Jul 29 21:47:30 loki-s2 rails[10321]: [4;36;1mSQL (0.000535)[0m   [0;1m SELECT name FROM sqlite_master WHERE type = 'table' AND NOT name = 'sqlite_sequence'[0m
Jul 29 21:47:30 loki-s2 rails[10321]: [4;35;1mSQL (0.000071)[0m   [0mPRAGMA index_list(bugs)[0m
Jul 29 21:47:30 loki-s2 rails[10321]: [4;36;1mSQL (0.000068)[0m   [0;1mPRAGMA index_list(companies)[0m
Jul 29 21:47:31 loki-s2 rails[10321]: [4;35;1mSQL (0.015353)[0m   [0mPRAGMA index_list(projects)[0m
Jul 29 21:47:31 loki-s2 rails[10321]: [4;36;1mSQL (0.000123)[0m   [0;1mPRAGMA index_list(severities)[0m
Jul 29 21:47:31 loki-s2 rails[10321]: [4;35;1mSQL (0.000068)[0m   [0mPRAGMA index_list(statuses)[0m
Jul 29 21:47:46 loki-s2 rails[10328]: [4;36;1mPermission Load (0.000000)[0m   [0;1mSQLite3::SQLException: no such table: permissions: SELECT * FROM permissions WHERE (name = 'Projects') LIMIT 1[0m
Jul 29 21:47:46 loki-s2 rails[10328]: [4;35;1mSQL (0.000273)[0m   [0mselect sqlite_version(*)[0m
Jul 29 21:47:46 loki-s2 rails[10328]: [4;36;1mSQL (0.000000)[0m   [0;1mSQLite3::SQLException: table schema_info already exists: CREATE TABLE schema_info (version integer)[0m
Jul 29 21:47:46 loki-s2 rails[10328]: [4;35;1mSQL (0.000000)[0m   [0mSQLite3::SQLException: table schema_info already exists: CREATE TABLE schema_info (version integer)[0m
Jul 29 21:47:46 loki-s2 rails[10328]: [4;36;1mSQL (0.000295)[0m   [0;1mSELECT version FROM schema_info[0m
Jul 29 21:47:46 loki-s2 rails[10328]: [4;35;1mSQL (0.000173)[0m   [0mSELECT version FROM schema_info[0m
Jul 29 21:47:46 loki-s2 rails[10328]: [4;36;1mSQL (0.000167)[0m   [0;1mSELECT version FROM schema_info[0m
Jul 29 21:47:46 loki-s2 rails[10328]: [4;35;1mSQL (0.000165)[0m   [0mSELECT version FROM schema_info[0m
Jul 29 21:47:46 loki-s2 rails[10328]: [4;36;1mSQL (0.000166)[0m   [0;1mSELECT version FROM schema_info[0m
Jul 29 21:47:46 loki-s2 rails[10328]: [4;35;1mSQL (0.000165)[0m   [0mSELECT version FROM schema_info[0m
Jul 29 21:47:46 loki-s2 rails[10328]: [4;36;1mSQL (0.000166)[0m   [0;1mSELECT version FROM schema_info[0m
Jul 29 21:47:46 loki-s2 rails[10328]: Migrating to CreateProfiles (7)
Jul 29 21:47:46 loki-s2 rails[10328]: [4;35;1mSQL (0.004663)[0m   [0mCREATE TABLE profiles ("id" INTEGER PRIMARY KEY AUTOINCREMENT NOT NULL, "first_name" varchar(255) DEFAULT NULL, "last_name" varchar(255) DEFAULT NULL, "email" varchar(255) DEFAULT NULL, "updated_by" integer DEFAULT NULL, "is_disabled" boolean DEFAULT NULL, "created_at" datetime DEFAULT NULL, "updated_at" datetime DEFAULT NULL) [0m
Jul 29 21:47:46 loki-s2 rails[10328]: [4;36;1mProfile Load (0.000190)[0m   [0;1mSELECT * FROM profiles WHERE (LOWER(profiles.email) = 'system@a.com') LIMIT 1[0m
Jul 29 21:47:46 loki-s2 rails[10328]: [4;35;1mProfile Create (0.000289)[0m   [0mINSERT INTO profiles ("updated_at", "updated_by", "is_disabled", "first_name", "last_name", "created_at", "email") VALUES('2008-07-29 21:47:46', 1, NULL, 'System', 'User', '2008-07-29 21:47:46', 'system@a.com')[0m
Jul 29 21:47:46 loki-s2 rails[10328]: [4;36;1mSQL (0.002763)[0m   [0;1mUPDATE schema_info SET version = 7[0m
Jul 29 21:47:46 loki-s2 rails[10328]: [4;35;1mSQL (0.000259)[0m   [0mSELECT version FROM schema_info[0m
Jul 29 21:47:46 loki-s2 rails[10328]: Migrating to CreateUsers (8)
Jul 29 21:47:46 loki-s2 rails[10328]: [4;36;1mSQL (0.039792)[0m   [0;1mCREATE TABLE users ("id" INTEGER PRIMARY KEY AUTOINCREMENT NOT NULL, "login" varchar(255) DEFAULT NULL, "crypted_password" varchar(255) DEFAULT NULL, "salt" varchar(255) DEFAULT NULL, "profile_id" integer DEFAULT NULL, "updated_by" integer DEFAULT NULL, "created_at" datetime DEFAULT NULL, "updated_at" datetime DEFAULT NULL) [0m
Jul 29 21:47:46 loki-s2 rails[10328]: [4;35;1mSQL (0.002535)[0m   [0mUPDATE schema_info SET version = 8[0m
Jul 29 21:47:46 loki-s2 rails[10328]: [4;36;1mSQL (0.000269)[0m   [0;1mSELECT version FROM schema_info[0m
Jul 29 21:47:46 loki-s2 rails[10328]: Migrating to CreateUserGroups (9)
Jul 29 21:47:46 loki-s2 rails[10328]: [4;35;1mSQL (0.002779)[0m   [0mCREATE TABLE user_groups ("id" INTEGER PRIMARY KEY AUTOINCREMENT NOT NULL, "name" varchar(255) DEFAULT NULL, "created_at" datetime DEFAULT NULL, "updated_at" datetime DEFAULT NULL) [0m
Jul 29 21:47:46 loki-s2 rails[10328]: [4;36;1mSQL (0.019383)[0m   [0;1mCREATE TABLE user_groups_users ("user_group_id" integer DEFAULT NULL, "user_id" integer DEFAULT NULL) [0m
Jul 29 21:47:46 loki-s2 rails[10328]: [4;35;1mSQL (0.003504)[0m   [0mUPDATE schema_info SET version = 9[0m
Jul 29 21:47:46 loki-s2 rails[10328]: [4;36;1mSQL (0.000262)[0m   [0;1mSELECT version FROM schema_info[0m
Jul 29 21:47:46 loki-s2 rails[10328]: Migrating to CreatePermissions (10)
Jul 29 21:47:46 loki-s2 rails[10328]: [4;35;1mSQL (0.018334)[0m   [0mCREATE TABLE permissions ("id" INTEGER PRIMARY KEY AUTOINCREMENT NOT NULL, "name" varchar(255) DEFAULT NULL, "created_at" datetime DEFAULT NULL, "updated_at" datetime DEFAULT NULL) [0m
Jul 29 21:47:46 loki-s2 rails[10328]: [4;36;1mSQL (0.003958)[0m   [0;1mCREATE TABLE permissions_user_groups ("permission_id" integer DEFAULT NULL, "user_group_id" integer DEFAULT NULL) [0m
Jul 29 21:47:46 loki-s2 rails[10328]: [4;35;1mSQL (0.011139)[0m   [0mUPDATE schema_info SET version = 10[0m
Jul 29 21:47:46 loki-s2 rails[10328]: [4;36;1mSQL (0.000269)[0m   [0;1mSELECT version FROM schema_info[0m
Jul 29 21:47:46 loki-s2 rails[10328]: Migrating to CreateAdminUserAndUserGroup (11)
Jul 29 21:47:46 loki-s2 rails[10328]: [4;35;1mProfile Load (0.000221)[0m   [0mSELECT * FROM profiles WHERE (LOWER(profiles.email) = 'administrator@a.com') LIMIT 1[0m
Jul 29 21:47:46 loki-s2 rails[10328]: [4;36;1mProfile Create (0.000259)[0m   [0;1mINSERT INTO profiles ("updated_at", "updated_by", "is_disabled", "first_name", "last_name", "created_at", "email") VALUES('2008-07-29 21:47:46', 1, NULL, 'Administrator', 'User', '2008-07-29 21:47:46', 'administrator@a.com')[0m
Jul 29 21:47:46 loki-s2 rails[10328]: [4;35;1mUser Load (0.000179)[0m   [0mSELECT * FROM users WHERE (LOWER(users.login) = 'admin') LIMIT 1[0m
Jul 29 21:47:46 loki-s2 rails[10328]: [4;36;1mProfile Load (0.000138)[0m   [0;1mSELECT * FROM profiles WHERE (LOWER(profiles.email) = 'administrator@a.com' AND profiles.id <> 2) LIMIT 1[0m
Jul 29 21:47:46 loki-s2 rails[10328]: [4;35;1mProfile Load (0.000146)[0m   [0mSELECT * FROM profiles WHERE (LOWER(profiles.email) = 'administrator@a.com' AND profiles.id <> 2) LIMIT 1[0m
Jul 29 21:47:46 loki-s2 rails[10328]: [4;36;1mProfile Update (0.000248)[0m   [0;1mUPDATE profiles SET "created_at" = '2008-07-29 21:47:46', "email" = 'administrator@a.com', "updated_by" = 1, "is_disabled" = NULL, "last_name" = 'User', "updated_at" = '2008-07-29 21:47:46', "first_name" = 'Administrator' WHERE "id" = 2[0m
Jul 29 21:47:46 loki-s2 rails[10328]: [4;35;1mUser Create (0.000177)[0m   [0mINSERT INTO users ("salt", "updated_at", "crypted_password", "updated_by", "login", "created_at", "profile_id") VALUES('85bf46a527125eb960ffa516124eeb660aca8849', '2008-07-29 21:47:46', '75c831ef33159c372ccf30a53f6a309578b42435', 1, 'admin', '2008-07-29 21:47:46', 2)[0m
Jul 29 21:47:46 loki-s2 rails[10328]: [4;36;1mSQL (0.000931)[0m   [0;1m SELECT name FROM sqlite_master WHERE type = 'table' AND NOT name = 'sqlite_sequence'[0m
Jul 29 21:47:46 loki-s2 rails[10328]: [4;35;1mUserGroup Load (0.000152)[0m   [0mSELECT * FROM user_groups WHERE (user_groups."name" = 'Administrators') LIMIT 1[0m
Jul 29 21:47:46 loki-s2 rails[10328]: [4;36;1mUserGroup Create (0.000272)[0m   [0;1mINSERT INTO user_groups ("name", "updated_at", "created_at") VALUES('Administrators', '2008-07-29 21:47:46', '2008-07-29 21:47:46')[0m
Jul 29 21:47:46 loki-s2 rails[10328]: [4;35;1mSQL (0.000230)[0m   [0mINSERT INTO user_groups_users ("user_group_id", "user_id") VALUES (1, 1)[0m
Jul 29 21:47:46 loki-s2 rails[10328]: [4;36;1mSQL (0.003514)[0m   [0;1mUPDATE schema_info SET version = 11[0m
Jul 29 21:47:46 loki-s2 rails[10328]: [4;35;1mSQL (0.000275)[0m   [0mSELECT version FROM schema_info[0m
Jul 29 21:47:46 loki-s2 rails[10328]: Migrating to AddFieldsToUser (12)
Jul 29 21:47:46 loki-s2 rails[10328]: [4;36;1mSQL (0.008909)[0m   [0;1mALTER TABLE users ADD "name" varchar(255)[0m
Jul 29 21:47:46 loki-s2 rails[10328]: [4;35;1mSQL (0.048249)[0m   [0mVACUUM[0m
Jul 29 21:47:46 loki-s2 rails[10328]: [4;36;1mSQL (0.027904)[0m   [0;1mALTER TABLE users ADD "email" varchar(255)[0m
Jul 29 21:47:46 loki-s2 rails[10328]: [4;35;1mSQL (0.015427)[0m   [0mVACUUM[0m
Jul 29 21:47:46 loki-s2 rails[10328]: [4;36;1mSQL (0.043687)[0m   [0;1mUPDATE schema_info SET version = 12[0m
Jul 29 21:47:46 loki-s2 rails[10328]: [4;35;1mSQL (0.000277)[0m   [0mSELECT version FROM schema_info[0m
Jul 29 21:47:46 loki-s2 rails[10328]: Migrating to ChangeTheForeignKeyName (13)
Jul 29 21:47:46 loki-s2 rails[10328]: [4;36;1mSQL (0.000708)[0m   [0;1mCREATE TEMPORARY TABLE altered_bugs ("id" INTEGER PRIMARY KEY AUTOINCREMENT NOT NULL, "title" varchar(255) DEFAULT NULL, "description" text DEFAULT NULL, "severity_id" integer DEFAULT NULL, "fixed" boolean DEFAULT 'f', "date_fixed" datetime DEFAULT NULL, "project_id" integer DEFAULT NULL, "auto_submitted" boolean DEFAULT 'f', "team_assigned_to" integer DEFAULT NULL, "fixed_by" integer DEFAULT NULL, "fixed_comment" text DEFAULT NULL, "created_at" datetime DEFAULT NULL, "updated_at" datetime DEFAULT NULL, "person_assigned_to" integer DEFAULT NULL) [0m
Jul 29 21:47:46 loki-s2 rails[10328]: [4;35;1mSQL (0.000116)[0m   [0mPRAGMA index_list(bugs)[0m
Jul 29 21:47:46 loki-s2 rails[10328]: [4;36;1mSQL (0.000373)[0m   [0;1mDROP TABLE bugs[0m
Jul 29 21:47:46 loki-s2 rails[10328]: [4;35;1mSQL (0.000416)[0m   [0mCREATE TABLE bugs ("id" INTEGER PRIMARY KEY AUTOINCREMENT NOT NULL, "title" varchar(255) DEFAULT NULL, "description" text DEFAULT NULL, "severity_id" integer DEFAULT NULL, "fixed" boolean DEFAULT 'f', "date_fixed" datetime DEFAULT NULL, "project_id" integer DEFAULT NULL, "auto_submitted" boolean DEFAULT 'f', "team_assigned_to" integer DEFAULT NULL, "fixed_by" integer DEFAULT NULL, "fixed_comment" text DEFAULT NULL, "created_at" datetime DEFAULT NULL, "updated_at" datetime DEFAULT NULL) [0m
Jul 29 21:47:46 loki-s2 rails[10328]: [4;36;1mSQL (0.000064)[0m   [0;1mPRAGMA index_list(altered_bugs)[0m
Jul 29 21:47:46 loki-s2 rails[10328]: [4;35;1mSQL (0.000141)[0m   [0mDROP TABLE altered_bugs[0m
Jul 29 21:47:46 loki-s2 rails[10328]: [4;36;1mSQL (0.002969)[0m   [0;1mALTER TABLE bugs ADD "user_id" integer[0m
Jul 29 21:47:46 loki-s2 rails[10328]: [4;35;1mSQL (0.021449)[0m   [0mVACUUM[0m
Jul 29 21:47:46 loki-s2 rails[10328]: [4;36;1mSQL (0.026603)[0m   [0;1mUPDATE schema_info SET version = 13[0m
Jul 29 21:47:46 loki-s2 rails[10328]: [4;35;1mSQL (0.000287)[0m   [0mSELECT version FROM schema_info[0m
Jul 29 21:47:46 loki-s2 rails[10328]: Migrating to AddLoggedByToBugsModel (14)
Jul 29 21:47:46 loki-s2 rails[10328]: [4;36;1mSQL (0.002708)[0m   [0;1mALTER TABLE bugs ADD "logged_by" integer[0m
Jul 29 21:47:46 loki-s2 rails[10328]: [4;35;1mSQL (0.017558)[0m   [0mVACUUM[0m
Jul 29 21:47:46 loki-s2 rails[10328]: [4;36;1mSQL (0.006383)[0m   [0;1mUPDATE schema_info SET version = 14[0m
Jul 29 21:47:46 loki-s2 rails[10328]: [4;35;1mSQL (0.000282)[0m   [0mSELECT * FROM schema_info[0m
Jul 29 21:47:46 loki-s2 rails[10328]: [4;36;1mSQL (0.000859)[0m   [0;1m SELECT name FROM sqlite_master WHERE type = 'table' AND NOT name = 'sqlite_sequence'[0m
Jul 29 21:47:46 loki-s2 rails[10328]: [4;35;1mSQL (0.000073)[0m   [0mPRAGMA index_list(bugs)[0m
Jul 29 21:47:46 loki-s2 rails[10328]: [4;36;1mSQL (0.000070)[0m   [0;1mPRAGMA index_list(companies)[0m
Jul 29 21:47:46 loki-s2 rails[10328]: [4;35;1mSQL (0.000107)[0m   [0mPRAGMA index_list(permissions)[0m
Jul 29 21:47:46 loki-s2 rails[10328]: [4;36;1mSQL (0.000067)[0m   [0;1mPRAGMA index_list(permissions_user_groups)[0m
Jul 29 21:47:46 loki-s2 rails[10328]: [4;35;1mSQL (0.000069)[0m   [0mPRAGMA index_list(profiles)[0m
Jul 29 21:47:46 loki-s2 rails[10328]: [4;36;1mSQL (0.000069)[0m   [0;1mPRAGMA index_list(projects)[0m
Jul 29 21:47:46 loki-s2 rails[10328]: [4;35;1mSQL (0.000067)[0m   [0mPRAGMA index_list(severities)[0m
Jul 29 21:47:46 loki-s2 rails[10328]: [4;36;1mSQL (0.000070)[0m   [0;1mPRAGMA index_list(statuses)[0m
Jul 29 21:47:46 loki-s2 rails[10328]: [4;35;1mSQL (0.000068)[0m   [0mPRAGMA index_list(user_groups)[0m
Jul 29 21:47:46 loki-s2 rails[10328]: [4;36;1mSQL (0.000068)[0m   [0;1mPRAGMA index_list(user_groups_users)[0m
Jul 29 21:47:46 loki-s2 rails[10328]: [4;35;1mSQL (0.000067)[0m   [0mPRAGMA index_list(users)[0m
