# Logfile created on Tue Apr 03 01:04:39 -0400 2007 by logger.rb/1.5.2.9
[03/Apr/2007:01:04:39 :: 848] starting
[03/Apr/2007:01:06:30 :: 848] asked to terminate immediately
[03/Apr/2007:01:06:30 :: 848] terminated by explicit exit
[03/Apr/2007:01:08:07 :: 860] starting
[03/Apr/2007:23:13:04 :: 860] asked to terminate immediately
[03/Apr/2007:23:13:04 :: 860] terminated by explicit exit
[03/Apr/2007:23:48:10 :: 1053] starting
[03/Apr/2007:23:58:12 :: 1053] asked to terminate immediately
[03/Apr/2007:23:58:12 :: 1053] terminated by explicit exit
[03/Apr/2007:23:59:59 :: 1069] starting
[04/Apr/2007:00:08:46 :: 1069] asked to reload ASAP
[04/Apr/2007:00:08:46 :: 1069] asked to reload ASAP
[04/Apr/2007:00:08:58 :: 1069] asked to terminate immediately
[04/Apr/2007:00:08:58 :: 1069] terminated by explicit exit
[06/Apr/2007:09:47:43 :: 337] starting
[06/Apr/2007:10:16:26 :: 337] asked to terminate immediately
[06/Apr/2007:10:16:26 :: 337] terminated by explicit exit
[06/Apr/2007:14:49:06 :: 2231] starting
[06/Apr/2007:15:05:43 :: 2231] asked to terminate immediately
[06/Apr/2007:15:05:43 :: 2231] terminated by explicit exit
[06/Apr/2007:15:05:50 :: 2245] starting
[06/Apr/2007:16:41:02 :: 2245] asked to terminate immediately
[06/Apr/2007:16:41:02 :: 2245] terminated by explicit exit
[06/Apr/2007:16:44:00 :: 2315] starting
[06/Apr/2007:18:27:51 :: 2315] asked to terminate immediately
[06/Apr/2007:18:27:51 :: 2315] terminated by explicit exit
[06/Apr/2007:18:27:57 :: 2417] starting
[06/Apr/2007:18:28:16 :: 2417] asked to terminate immediately
[06/Apr/2007:18:28:16 :: 2417] terminated by explicit exit
[06/Apr/2007:18:28:19 :: 2428] starting
[06/Apr/2007:18:29:18 :: 2428] asked to terminate immediately
[06/Apr/2007:18:29:18 :: 2428] terminated by explicit exit
[06/Apr/2007:18:29:21 :: 2439] starting
[06/Apr/2007:18:30:31 :: 2439] asked to terminate immediately
[06/Apr/2007:18:30:31 :: 2439] terminated by explicit exit
[06/Apr/2007:18:30:35 :: 2450] starting
[06/Apr/2007:18:31:58 :: 2450] asked to reload ASAP
[06/Apr/2007:18:31:58 :: 2450] asked to reload ASAP
[06/Apr/2007:18:32:00 :: 2450] reloaded
[06/Apr/2007:18:47:37 :: 2450] asked to terminate immediately
[06/Apr/2007:18:47:37 :: 2450] terminated by explicit exit
[07/Apr/2007:17:03:48 :: 3827] starting
[08/Apr/2007:12:25:55 :: 3827] asked to terminate immediately
[08/Apr/2007:12:25:55 :: 3827] terminated by explicit exit
[08/Apr/2007:15:17:50 :: 4080] starting
[08/Apr/2007:15:18:55 :: 4091] starting
[08/Apr/2007:15:19:08 :: 4091] asked to terminate immediately
[08/Apr/2007:15:19:08 :: 4091] terminated by explicit exit
